#
# There is insufficient memory for the Java Runtime Environment to continue.
# Native memory allocation (mmap) failed to map 65011712 bytes for Failed to commit area from 0x00000000c3800000 to 0x00000000c7600000 of length 65011712.
# Possible reasons:
#   The system is out of physical RAM or swap space
#   The process is running with CompressedOops enabled, and the Java Heap may be blocking the growth of the native heap
# Possible solutions:
#   Reduce memory load on the system
#   Increase physical memory or swap space
#   Check if swap backing store is full
#   Decrease Java heap size (-Xmx/-Xms)
#   Decrease number of Java threads
#   Decrease Java thread stack sizes (-Xss)
#   Set larger code cache with -XX:ReservedCodeCacheSize=
# This output file may be truncated or incomplete.
#
#  Out of Memory Error (c:/BuildAgent/work/5ff2f6c26000d570/src/hotspot/os/windows/os_windows.cpp:3281), pid=11440, tid=20328
#
# JRE version:  (11.0.4+10) (build )
# Java VM: OpenJDK 64-Bit Server VM (11.0.4+10-b304.69, mixed mode, aot, sharing, tiered, compressed oops, g1 gc, windows-amd64)
# No core dump will be written. Minidumps are not enabled by default on client versions of Windows
#

---------------  S U M M A R Y ------------

Command Line: -Dmaven.multiModuleProjectDirectory=C:\Users\Dell\Downloads\hospital-survey-backend\hospital-survey-backend -Dmaven.home=C:\Program Files\JetBrains\IntelliJ IDEA Community Edition 2019.2.3\plugins\maven\lib\maven3 -Dclassworlds.conf=C:\Program Files\JetBrains\IntelliJ IDEA Community Edition 2019.2.3\plugins\maven\lib\maven3\bin\m2.conf -Dmaven.ext.class.path=C:\Program Files\JetBrains\IntelliJ IDEA Community Edition 2019.2.3\plugins\maven\lib\maven-event-listener.jar -javaagent:C:\Program Files\JetBrains\IntelliJ IDEA Community Edition 2019.2.3\lib\idea_rt.jar=62247:C:\Program Files\JetBrains\IntelliJ IDEA Community Edition 2019.2.3\bin -Dfile.encoding=UTF-8 org.codehaus.classworlds.Launcher -Didea.version2019.2.3 clean

Host: Intel(R) Core(TM) i5-7200U CPU @ 2.50GHz, 4 cores, 3G,  Windows 10 , 64 bit Build 17134 (10.0.17134.753)
Time: Tue Mar  2 15:37:40 2021 Eastern Standard Time elapsed time: 0 seconds (0d 0h 0m 0s)

---------------  T H R E A D  ---------------

Current thread (0x00000210414f6000):  JavaThread "Unknown thread" [_thread_in_vm, id=20328, stack(0x0000006eb3400000,0x0000006eb3500000)]

Stack: [0x0000006eb3400000,0x0000006eb3500000]
Native frames: (J=compiled Java code, j=interpreted, Vv=VM code, C=native code)
V  [jvm.dll+0x5db31a]
V  [jvm.dll+0x70c395]
V  [jvm.dll+0x70d8b8]
V  [jvm.dll+0x70df83]
V  [jvm.dll+0x23dbb8]
V  [jvm.dll+0x5d8a74]
V  [jvm.dll+0x5cdb05]
V  [jvm.dll+0x2fa5bb]
V  [jvm.dll+0x2fa52a]
V  [jvm.dll+0x2fa402]
V  [jvm.dll+0x2ff2c6]
V  [jvm.dll+0x347893]
V  [jvm.dll+0x347f96]
V  [jvm.dll+0x347993]
V  [jvm.dll+0x2d4e28]
V  [jvm.dll+0x2d5fd7]
V  [jvm.dll+0x6eb717]
V  [jvm.dll+0x6ecf0c]
V  [jvm.dll+0x354fb9]
V  [jvm.dll+0x6d35be]
V  [jvm.dll+0x3bd673]
V  [jvm.dll+0x3bf9f1]
C  [java.exe+0x3763]
C  [java.exe+0x17a0c]
C  [KERNEL32.DLL+0x14034]
C  [ntdll.dll+0x73691]


---------------  P R O C E S S  ---------------

Threads class SMR info:
_java_thread_list=0x000002103f455540, length=0, elements={
}

Java Threads: ( => current thread )

Other Threads:
  0x000002104150d000 GCTaskThread "GC Thread#0" [stack: 0x0000006eb3500000,0x0000006eb3600000] [id=16644]
  0x0000021041528800 ConcurrentGCThread "G1 Main Marker" [stack: 0x0000006eb3600000,0x0000006eb3700000] [id=20936]
  0x000002104152a000 ConcurrentGCThread "G1 Conc#0" [stack: 0x0000006eb3700000,0x0000006eb3800000] [id=14992]

[error occurred during error reporting (printing all threads), id 0xc0000005, EXCEPTION_ACCESS_VIOLATION (0xc0000005) at pc=0x00007ffda07d5727]

VM state:not at safepoint (not fully initialized)

VM Mutex/Monitor currently owned by a thread:  ([mutex/lock_event])
[0x00000210414f4650] Heap_lock - owner thread: 0x00000210414f6000

Heap address: 0x00000000c3800000, size: 968 MB, Compressed Oops mode: Non-zero based: 0x00000000c3800000
Narrow klass base: 0x0000000000000000, Narrow klass shift: 0

GC Heap History (0 events):
No events

Deoptimization events (0 events):
No events

Classes redefined (0 events):
No events

Internal exceptions (0 events):
No events

Events (0 events):
No events


Dynamic libraries:
0x00007ff616880000 - 0x00007ff6168c7000 	C:\Program Files\JetBrains\IntelliJ IDEA Community Edition 2019.2.3\jbr\bin\java.exe
0x00007ffdfb6b0000 - 0x00007ffdfb891000 	C:\WINDOWS\SYSTEM32\ntdll.dll
0x00007ffdfac20000 - 0x00007ffdfacd1000 	C:\WINDOWS\System32\KERNEL32.DLL
0x00007ffdf8210000 - 0x00007ffdf8483000 	C:\WINDOWS\System32\KERNELBASE.dll
0x00007ffdfaa90000 - 0x00007ffdfac20000 	C:\WINDOWS\System32\USER32.dll
0x00007ffdf8980000 - 0x00007ffdf89a0000 	C:\WINDOWS\System32\win32u.dll
0x00007ffdf8c90000 - 0x00007ffdf8cb8000 	C:\WINDOWS\System32\GDI32.dll
0x00007ffdf87e0000 - 0x00007ffdf8971000 	C:\WINDOWS\System32\gdi32full.dll
0x00007ffdf89a0000 - 0x00007ffdf8a3f000 	C:\WINDOWS\System32\msvcp_win.dll
0x00007ffdf86e0000 - 0x00007ffdf87d8000 	C:\WINDOWS\System32\ucrtbase.dll
0x00007ffde51a0000 - 0x00007ffde5409000 	C:\WINDOWS\WinSxS\amd64_microsoft.windows.common-controls_6595b64144ccf1df_6.0.17134.885_none_fb42a3473065565f\COMCTL32.dll
0x00007ffdf9040000 - 0x00007ffdf90de000 	C:\WINDOWS\System32\msvcrt.dll
0x00007ffdfb130000 - 0x00007ffdfb452000 	C:\WINDOWS\System32\combase.dll
0x00007ffdf8b60000 - 0x00007ffdf8c84000 	C:\WINDOWS\System32\RPCRT4.dll
0x00007ffdf8190000 - 0x00007ffdf8209000 	C:\WINDOWS\System32\bcryptPrimitives.dll
0x00007ffdfaa50000 - 0x00007ffdfaa7d000 	C:\WINDOWS\System32\IMM32.DLL
0x00007ffde19d0000 - 0x00007ffde19e7000 	C:\Program Files\JetBrains\IntelliJ IDEA Community Edition 2019.2.3\jbr\bin\vcruntime140.dll
0x00007ffdd6e20000 - 0x00007ffdd6ebd000 	C:\Program Files\JetBrains\IntelliJ IDEA Community Edition 2019.2.3\jbr\bin\msvcp140.dll
0x00007ffda04f0000 - 0x00007ffda0fa8000 	C:\Program Files\JetBrains\IntelliJ IDEA Community Edition 2019.2.3\jbr\bin\server\jvm.dll
0x00007ffdfa7b0000 - 0x00007ffdfa851000 	C:\WINDOWS\System32\ADVAPI32.dll
0x00007ffdf8cc0000 - 0x00007ffdf8d1b000 	C:\WINDOWS\System32\sechost.dll
0x00007ffdf9030000 - 0x00007ffdf9038000 	C:\WINDOWS\System32\PSAPI.DLL
0x00007ffdf49b0000 - 0x00007ffdf49d3000 	C:\WINDOWS\SYSTEM32\WINMM.dll
0x00007ffddffd0000 - 0x00007ffddffd9000 	C:\WINDOWS\SYSTEM32\WSOCK32.dll
0x00007ffdf3d50000 - 0x00007ffdf3d5a000 	C:\WINDOWS\SYSTEM32\VERSION.dll
0x00007ffdf8fc0000 - 0x00007ffdf902c000 	C:\WINDOWS\System32\WS2_32.dll
0x00007ffdf4670000 - 0x00007ffdf469a000 	C:\WINDOWS\SYSTEM32\winmmbase.dll
0x00007ffdf8af0000 - 0x00007ffdf8b39000 	C:\WINDOWS\System32\cfgmgr32.dll
0x00007ffdf79d0000 - 0x00007ffdf79e1000 	C:\WINDOWS\System32\kernel.appcore.dll
0x00007ffde0d20000 - 0x00007ffde0d31000 	C:\Program Files\JetBrains\IntelliJ IDEA Community Edition 2019.2.3\jbr\bin\verify.dll
0x00007ffdf31e0000 - 0x00007ffdf33a9000 	C:\WINDOWS\SYSTEM32\DBGHELP.DLL
0x00007ffdf1f10000 - 0x00007ffdf1f39000 	C:\WINDOWS\SYSTEM32\dbgcore.DLL
0x00007ffddd910000 - 0x00007ffddd939000 	C:\Program Files\JetBrains\IntelliJ IDEA Community Edition 2019.2.3\jbr\bin\java.dll
0x00007ffdd8220000 - 0x00007ffdd8254000 	C:\Program Files\JetBrains\IntelliJ IDEA Community Edition 2019.2.3\jbr\bin\instrument.dll
0x00007ffde0d00000 - 0x00007ffde0d17000 	C:\Program Files\JetBrains\IntelliJ IDEA Community Edition 2019.2.3\jbr\bin\zip.dll
0x00007ffdef4c0000 - 0x00007ffdef4cb000 	C:\Program Files\JetBrains\IntelliJ IDEA Community Edition 2019.2.3\jbr\bin\jimage.dll

dbghelp: loaded successfully - version: 4.0.5 - missing functions: none
symbol engine: initialized successfully - sym options: 0x614 - pdb path: .;C:\Program Files\JetBrains\IntelliJ IDEA Community Edition 2019.2.3\jbr\bin;C:\WINDOWS\SYSTEM32;C:\WINDOWS\WinSxS\amd64_microsoft.windows.common-controls_6595b64144ccf1df_6.0.17134.885_none_fb42a3473065565f;C:\Program Files\JetBrains\IntelliJ IDEA Community Edition 2019.2.3\jbr\bin\server

VM Arguments:
jvm_args: -Dmaven.multiModuleProjectDirectory=C:\Users\Dell\Downloads\hospital-survey-backend\hospital-survey-backend -Dmaven.home=C:\Program Files\JetBrains\IntelliJ IDEA Community Edition 2019.2.3\plugins\maven\lib\maven3 -Dclassworlds.conf=C:\Program Files\JetBrains\IntelliJ IDEA Community Edition 2019.2.3\plugins\maven\lib\maven3\bin\m2.conf -Dmaven.ext.class.path=C:\Program Files\JetBrains\IntelliJ IDEA Community Edition 2019.2.3\plugins\maven\lib\maven-event-listener.jar -javaagent:C:\Program Files\JetBrains\IntelliJ IDEA Community Edition 2019.2.3\lib\idea_rt.jar=62247:C:\Program Files\JetBrains\IntelliJ IDEA Community Edition 2019.2.3\bin -Dfile.encoding=UTF-8 
java_command: org.codehaus.classworlds.Launcher -Didea.version2019.2.3 clean
java_class_path (initial): C:\Program Files\JetBrains\IntelliJ IDEA Community Edition 2019.2.3\plugins\maven\lib\maven3\boot\plexus-classworlds-2.6.0.jar
Launcher Type: SUN_STANDARD

[Global flags]
     intx CICompilerCount                          = 3                                         {product} {ergonomic}
     uint ConcGCThreads                            = 1                                         {product} {ergonomic}
     uint G1ConcRefinementThreads                  = 4                                         {product} {ergonomic}
   size_t G1HeapRegionSize                         = 1048576                                   {product} {ergonomic}
    uintx GCDrainStackTargetSize                   = 64                                        {product} {ergonomic}
   size_t InitialHeapSize                          = 65011712                                  {product} {ergonomic}
   size_t MarkStackSize                            = 4194304                                   {product} {ergonomic}
   size_t MaxHeapSize                              = 1015021568                                {product} {ergonomic}
   size_t MinHeapDeltaBytes                        = 1048576                                   {product} {ergonomic}
    uintx NonNMethodCodeHeapSize                   = 5830092                                {pd product} {ergonomic}
    uintx NonProfiledCodeHeapSize                  = 122914074                              {pd product} {ergonomic}
    uintx ProfiledCodeHeapSize                     = 122914074                              {pd product} {ergonomic}
    uintx ReservedCodeCacheSize                    = 251658240                              {pd product} {ergonomic}
     bool SegmentedCodeCache                       = true                                      {product} {ergonomic}
     bool UseCompressedClassPointers               = true                                 {lp64_product} {ergonomic}
     bool UseCompressedOops                        = true                                 {lp64_product} {ergonomic}
     bool UseG1GC                                  = true                                      {product} {ergonomic}
     bool UseLargePagesIndividualAllocation        = false                                  {pd product} {ergonomic}

Logging:
Log output configuration:
 #0: stdout all=warning uptime,level,tags
 #1: stderr all=off uptime,level,tags

Environment Variables:
PATH=C:\ProgramData\Oracle\Java\javapath;C:\Program Files (x86)\Intel\iCLS Client\;C:\Program Files\Intel\iCLS Client\;C:\WINDOWS\system32;C:\WINDOWS;C:\WINDOWS\System32\Wbem;C:\WINDOWS\System32\WindowsPowerShell\v1.0\;C:\Program Files (x86)\Intel\Intel(R) Management Engine Components\DAL;C:\Program Files\Intel\Intel(R) Management Engine Components\DAL;C:\Program Files (x86)\Intel\Intel(R) Management Engine Components\IPT;C:\Program Files\Intel\Intel(R) Management Engine Components\IPT;C:\WINDOWS\System32\OpenSSH\;C:\Program Files\Git\cmd;C:\Program Files\nodejs\;C:\ProgramData\chocolatey\bin;C:\Program Files\Java\jdk1.8.0_152\bin;C:\Users\Dell\AppData\Local\Programs\Microsoft VS Code\bin;C:\Users\Dell\AppData\Roaming\npm
USERNAME=Dell
OS=Windows_NT
PROCESSOR_IDENTIFIER=Intel64 Family 6 Model 142 Stepping 9, GenuineIntel



---------------  S Y S T E M  ---------------

OS: Windows 10 , 64 bit Build 17134 (10.0.17134.753)

CPU:total 4 (initial active 4) (2 cores per cpu, 2 threads per core) family 6 model 142 stepping 9, cmov, cx8, fxsr, mmx, sse, sse2, sse3, ssse3, sse4.1, sse4.2, popcnt, avx, avx2, aes, clmul, erms, 3dnowpref, lzcnt, ht, tsc, tscinvbit, bmi1, bmi2, adx, fma

Memory: 4k page, system-wide physical 3869M (375M free)
TotalPageFile size 6869M (AvailPageFile size 50M)
current process WorkingSet (physical memory assigned to process): 9M, peak: 9M
current process commit charge ("private bytes"): 51M, peak: 113M

vm_info: OpenJDK 64-Bit Server VM (11.0.4+10-b304.69) for windows-amd64 JRE (11.0.4+10-b304.69), built on Sep  9 2019 11:39:50 by "" with MS VC++ 14.0 (VS2015)

END.
