#
# There is insufficient memory for the Java Runtime Environment to continue.
# Native memory allocation (malloc) failed to allocate 638096 bytes for Chunk::new
# Possible reasons:
#   The system is out of physical RAM or swap space
#   The process is running with CompressedOops enabled, and the Java Heap may be blocking the growth of the native heap
# Possible solutions:
#   Reduce memory load on the system
#   Increase physical memory or swap space
#   Check if swap backing store is full
#   Decrease Java heap size (-Xmx/-Xms)
#   Decrease number of Java threads
#   Decrease Java thread stack sizes (-Xss)
#   Set larger code cache with -XX:ReservedCodeCacheSize=
#   JVM is running with Unscaled Compressed Oops mode in which the Java heap is
#     placed in the first 4GB address space. The Java Heap base address is the
#     maximum limit for the native heap growth. Please use -XX:HeapBaseMinAddress
#     to set the Java Heap base and to place the Java Heap above 4GB virtual address.
# This output file may be truncated or incomplete.
#
#  Out of Memory Error (c:/BuildAgent/work/5ff2f6c26000d570/src/hotspot/share/memory/arena.cpp:197), pid=4068, tid=18272
#
# JRE version: OpenJDK Runtime Environment (11.0.4+10) (build 11.0.4+10-b304.69)
# Java VM: OpenJDK 64-Bit Server VM (11.0.4+10-b304.69, mixed mode, sharing, tiered, compressed oops, g1 gc, windows-amd64)
# No core dump will be written. Minidumps are not enabled by default on client versions of Windows
#

---------------  S U M M A R Y ------------

Command Line: -agentlib:jdwp=transport=dt_socket,address=127.0.0.1:62287,suspend=y,server=n -javaagent:C:\Users\Dell\.IdeaIC2019.2\system\captureAgent\debugger-agent.jar -Dfile.encoding=UTF-8 com.hospital.survey.SurveyApplication

Host: Intel(R) Core(TM) i5-7200U CPU @ 2.50GHz, 4 cores, 3G,  Windows 10 , 64 bit Build 17134 (10.0.17134.753)
Time: Tue Mar  2 15:42:08 2021 Eastern Standard Time elapsed time: 12 seconds (0d 0h 0m 12s)

---------------  T H R E A D  ---------------

Current thread (0x000002d1dd421000):  JavaThread "C2 CompilerThread0" daemon [_thread_in_native, id=18272, stack(0x000000ef21100000,0x000000ef21200000)]


Current CompileTask:
C2:  12148 2161       4       jdk.internal.module.SystemModuleFinders$SystemModuleReader::find (54 bytes)

Stack: [0x000000ef21100000,0x000000ef21200000]
Native frames: (J=compiled Java code, j=interpreted, Vv=VM code, C=native code)
V  [jvm.dll+0x5db31a]
V  [jvm.dll+0x70c395]
V  [jvm.dll+0x70d8b8]
V  [jvm.dll+0x70df83]
V  [jvm.dll+0x23dbb8]
V  [jvm.dll+0xb91fc]
V  [jvm.dll+0xb96fc]
V  [jvm.dll+0x34f3cb]
V  [jvm.dll+0x31d333]
V  [jvm.dll+0x31c8ca]
V  [jvm.dll+0x1f7832]
V  [jvm.dll+0x1f6a04]
V  [jvm.dll+0x17fd7c]
V  [jvm.dll+0x204d17]
V  [jvm.dll+0x2035b2]
V  [jvm.dll+0x6d956f]
V  [jvm.dll+0x6d236d]
V  [jvm.dll+0x5da5e6]
C  [ucrtbase.dll+0x1e3fe]
C  [KERNEL32.DLL+0x14034]
C  [ntdll.dll+0x73691]


---------------  P R O C E S S  ---------------

Threads class SMR info:
_java_thread_list=0x000002d1de6cd830, length=14, elements={
0x000002d1c5cd5000, 0x000002d1c5d9d800, 0x000002d1dd40a000, 0x000002d1dd41b800,
0x000002d1dd41c800, 0x000002d1dd421000, 0x000002d1dd426800, 0x000002d1dd443800,
0x000002d1c5d83000, 0x000002d1ddec1800, 0x000002d1de081000, 0x000002d1de081800,
0x000002d1ddfe3800, 0x000002d1df264800
}

Java Threads: ( => current thread )
  0x000002d1c5cd5000 JavaThread "main" [_thread_in_native, id=2920, stack(0x000000ef20600000,0x000000ef20700000)]
  0x000002d1c5d9d800 JavaThread "Reference Handler" daemon [_thread_blocked, id=4348, stack(0x000000ef20d00000,0x000000ef20e00000)]
  0x000002d1dd40a000 JavaThread "Finalizer" daemon [_thread_blocked, id=3708, stack(0x000000ef20e00000,0x000000ef20f00000)]
  0x000002d1dd41b800 JavaThread "Signal Dispatcher" daemon [_thread_blocked, id=20700, stack(0x000000ef20f00000,0x000000ef21000000)]
  0x000002d1dd41c800 JavaThread "Attach Listener" daemon [_thread_blocked, id=17064, stack(0x000000ef21000000,0x000000ef21100000)]
=>0x000002d1dd421000 JavaThread "C2 CompilerThread0" daemon [_thread_in_native, id=18272, stack(0x000000ef21100000,0x000000ef21200000)]
  0x000002d1dd426800 JavaThread "C1 CompilerThread0" daemon [_thread_blocked, id=17164, stack(0x000000ef21200000,0x000000ef21300000)]
  0x000002d1dd443800 JavaThread "Sweeper thread" daemon [_thread_blocked, id=8540, stack(0x000000ef21300000,0x000000ef21400000)]
  0x000002d1c5d83000 JavaThread "Common-Cleaner" daemon [_thread_blocked, id=16356, stack(0x000000ef21400000,0x000000ef21500000)]
  0x000002d1ddec1800 JavaThread "JDWP Transport Listener: dt_socket" daemon [_thread_blocked, id=9700, stack(0x000000ef21500000,0x000000ef21600000)]
  0x000002d1de081000 JavaThread "JDWP Event Helper Thread" daemon [_thread_blocked, id=2892, stack(0x000000ef21600000,0x000000ef21700000)]
  0x000002d1de081800 JavaThread "JDWP Command Reader" daemon [_thread_in_native, id=20720, stack(0x000000ef21700000,0x000000ef21800000)]
  0x000002d1ddfe3800 JavaThread "Service Thread" daemon [_thread_blocked, id=17152, stack(0x000000ef21800000,0x000000ef21900000)]
  0x000002d1df264800 JavaThread "C2 CompilerThread1" daemon [_thread_in_native, id=17620, stack(0x000000ef21c00000,0x000000ef21d00000)]

Other Threads:
  0x000002d1c5d9a000 VMThread "VM Thread" [stack: 0x000000ef20c00000,0x000000ef20d00000] [id=13188]
  0x000002d1ddfe4000 WatcherThread [stack: 0x000000ef21900000,0x000000ef21a00000] [id=20172]
  0x000002d1c5cec800 GCTaskThread "GC Thread#0" [stack: 0x000000ef20700000,0x000000ef20800000] [id=7348]
  0x000002d1de3db000 GCTaskThread "GC Thread#1" [stack: 0x000000ef21a00000,0x000000ef21b00000] [id=1648]
  0x000002d1df51e800 GCTaskThread "GC Thread#2" [stack: 0x000000ef21b00000,0x000000ef21c00000] [id=12056]
  0x000002d1dee75800 GCTaskThread "GC Thread#3" [stack: 0x000000ef21d00000,0x000000ef21e00000] [id=18364]
  0x000002d1c5d1a800 ConcurrentGCThread "G1 Main Marker" [stack: 0x000000ef20800000,0x000000ef20900000] [id=19544]
  0x000002d1c5d1d000 ConcurrentGCThread "G1 Conc#0" [stack: 0x000000ef20900000,0x000000ef20a00000] [id=19392]
  0x000002d1c5d76000 ConcurrentGCThread "G1 Refine#0" [stack: 0x000000ef20a00000,0x000000ef20b00000] [id=14224]
  0x000002d1c5d77000 ConcurrentGCThread "G1 Young RemSet Sampling" [stack: 0x000000ef20b00000,0x000000ef20c00000] [id=20384]

Threads with active compile tasks:
C2 CompilerThread02161       4       jdk.internal.module.SystemModuleFinders$SystemModuleReader::find (54 bytes)
C1 CompilerThread02309       3       java.lang.reflect.AccessibleObject::checkCanSetAccessible (386 bytes)
C2 CompilerThread12288       4       jdk.internal.module.SystemModuleFinders$SystemModuleReader::findImageLocation (42 bytes)

VM state:not at safepoint (normal execution)

VM Mutex/Monitor currently owned by a thread: None

Heap address: 0x00000000c3800000, size: 968 MB, Compressed Oops mode: 32-bit
Narrow klass base: 0x0000000800000000, Narrow klass shift: 3
Compressed class space size: 1073741824 Address: 0x0000000840000000

Heap:
 garbage-first heap   total 63488K, used 29970K [0x00000000c3800000, 0x0000000100000000)
  region size 1024K, 24 young (24576K), 2 survivors (2048K)
 Metaspace       used 17106K, capacity 17800K, committed 18048K, reserved 1064960K
  class space    used 2091K, capacity 2346K, committed 2432K, reserved 1048576K
Heap Regions: E=young(eden), S=young(survivor), O=old, HS=humongous(starts), HC=humongous(continues), CS=collection set, F=free, A=archive, TAMS=top-at-mark-start (previous, next)
|   0|0x00000000c3800000, 0x00000000c3900000, 0x00000000c3900000|100%|HS|  |TAMS 0x00000000c3800000, 0x00000000c3800000| Complete 
|   1|0x00000000c3900000, 0x00000000c3a00000, 0x00000000c3a00000|100%| O|  |TAMS 0x00000000c3900000, 0x00000000c3900000| Untracked 
|   2|0x00000000c3a00000, 0x00000000c3b00000, 0x00000000c3b00000|100%| O|  |TAMS 0x00000000c3a00000, 0x00000000c3a00000| Untracked 
|   3|0x00000000c3b00000, 0x00000000c3c00000, 0x00000000c3c00000|100%| O|  |TAMS 0x00000000c3b00000, 0x00000000c3b00000| Untracked 
|   4|0x00000000c3c00000, 0x00000000c3d00000, 0x00000000c3d00000|100%| O|  |TAMS 0x00000000c3c00000, 0x00000000c3c00000| Untracked 
|   5|0x00000000c3d00000, 0x00000000c3e00000, 0x00000000c3e00000|100%| O|  |TAMS 0x00000000c3d00000, 0x00000000c3d00000| Untracked 
|   6|0x00000000c3e00000, 0x00000000c3f00000, 0x00000000c3f00000|100%| O|  |TAMS 0x00000000c3e00000, 0x00000000c3e00000| Untracked 
|   7|0x00000000c3f00000, 0x00000000c3f44800, 0x00000000c4000000| 26%| O|  |TAMS 0x00000000c3f00000, 0x00000000c3f00000| Untracked 
|   8|0x00000000c4000000, 0x00000000c4000000, 0x00000000c4100000|  0%| F|  |TAMS 0x00000000c4000000, 0x00000000c4000000| Untracked 
|   9|0x00000000c4100000, 0x00000000c4100000, 0x00000000c4200000|  0%| F|  |TAMS 0x00000000c4100000, 0x00000000c4100000| Untracked 
|  10|0x00000000c4200000, 0x00000000c4200000, 0x00000000c4300000|  0%| F|  |TAMS 0x00000000c4200000, 0x00000000c4200000| Untracked 
|  11|0x00000000c4300000, 0x00000000c4300000, 0x00000000c4400000|  0%| F|  |TAMS 0x00000000c4300000, 0x00000000c4300000| Untracked 
|  12|0x00000000c4400000, 0x00000000c4400000, 0x00000000c4500000|  0%| F|  |TAMS 0x00000000c4400000, 0x00000000c4400000| Untracked 
|  13|0x00000000c4500000, 0x00000000c4500000, 0x00000000c4600000|  0%| F|  |TAMS 0x00000000c4500000, 0x00000000c4500000| Untracked 
|  14|0x00000000c4600000, 0x00000000c4600000, 0x00000000c4700000|  0%| F|  |TAMS 0x00000000c4600000, 0x00000000c4600000| Untracked 
|  15|0x00000000c4700000, 0x00000000c4700000, 0x00000000c4800000|  0%| F|  |TAMS 0x00000000c4700000, 0x00000000c4700000| Untracked 
|  16|0x00000000c4800000, 0x00000000c4800000, 0x00000000c4900000|  0%| F|  |TAMS 0x00000000c4800000, 0x00000000c4800000| Untracked 
|  17|0x00000000c4900000, 0x00000000c4900000, 0x00000000c4a00000|  0%| F|  |TAMS 0x00000000c4900000, 0x00000000c4900000| Untracked 
|  18|0x00000000c4a00000, 0x00000000c4a00000, 0x00000000c4b00000|  0%| F|  |TAMS 0x00000000c4a00000, 0x00000000c4a00000| Untracked 
|  19|0x00000000c4b00000, 0x00000000c4b00000, 0x00000000c4c00000|  0%| F|  |TAMS 0x00000000c4b00000, 0x00000000c4b00000| Untracked 
|  20|0x00000000c4c00000, 0x00000000c4c00000, 0x00000000c4d00000|  0%| F|  |TAMS 0x00000000c4c00000, 0x00000000c4c00000| Untracked 
|  21|0x00000000c4d00000, 0x00000000c4d00000, 0x00000000c4e00000|  0%| F|  |TAMS 0x00000000c4d00000, 0x00000000c4d00000| Untracked 
|  22|0x00000000c4e00000, 0x00000000c4e00000, 0x00000000c4f00000|  0%| F|  |TAMS 0x00000000c4e00000, 0x00000000c4e00000| Untracked 
|  23|0x00000000c4f00000, 0x00000000c4f00000, 0x00000000c5000000|  0%| F|  |TAMS 0x00000000c4f00000, 0x00000000c4f00000| Untracked 
|  24|0x00000000c5000000, 0x00000000c5000000, 0x00000000c5100000|  0%| F|  |TAMS 0x00000000c5000000, 0x00000000c5000000| Untracked 
|  25|0x00000000c5100000, 0x00000000c5100000, 0x00000000c5200000|  0%| F|  |TAMS 0x00000000c5100000, 0x00000000c5100000| Untracked 
|  26|0x00000000c5200000, 0x00000000c5200000, 0x00000000c5300000|  0%| F|  |TAMS 0x00000000c5200000, 0x00000000c5200000| Untracked 
|  27|0x00000000c5300000, 0x00000000c5400000, 0x00000000c5400000|100%| S|CS|TAMS 0x00000000c5300000, 0x00000000c5300000| Complete 
|  28|0x00000000c5400000, 0x00000000c5400000, 0x00000000c5500000|  0%| F|  |TAMS 0x00000000c5400000, 0x00000000c5400000| Untracked 
|  29|0x00000000c5500000, 0x00000000c5500000, 0x00000000c5600000|  0%| F|  |TAMS 0x00000000c5500000, 0x00000000c5500000| Untracked 
|  30|0x00000000c5600000, 0x00000000c5600000, 0x00000000c5700000|  0%| F|  |TAMS 0x00000000c5600000, 0x00000000c5600000| Untracked 
|  31|0x00000000c5700000, 0x00000000c5800000, 0x00000000c5800000|100%| S|CS|TAMS 0x00000000c5700000, 0x00000000c5700000| Complete 
|  32|0x00000000c5800000, 0x00000000c5800000, 0x00000000c5900000|  0%| F|  |TAMS 0x00000000c5800000, 0x00000000c5800000| Untracked 
|  33|0x00000000c5900000, 0x00000000c5900000, 0x00000000c5a00000|  0%| F|  |TAMS 0x00000000c5900000, 0x00000000c5900000| Untracked 
|  34|0x00000000c5a00000, 0x00000000c5a00000, 0x00000000c5b00000|  0%| F|  |TAMS 0x00000000c5a00000, 0x00000000c5a00000| Untracked 
|  35|0x00000000c5b00000, 0x00000000c5b00000, 0x00000000c5c00000|  0%| F|  |TAMS 0x00000000c5b00000, 0x00000000c5b00000| Untracked 
|  36|0x00000000c5c00000, 0x00000000c5c00000, 0x00000000c5d00000|  0%| F|  |TAMS 0x00000000c5c00000, 0x00000000c5c00000| Untracked 
|  37|0x00000000c5d00000, 0x00000000c5d00000, 0x00000000c5e00000|  0%| F|  |TAMS 0x00000000c5d00000, 0x00000000c5d00000| Untracked 
|  38|0x00000000c5e00000, 0x00000000c5e00000, 0x00000000c5f00000|  0%| F|  |TAMS 0x00000000c5e00000, 0x00000000c5e00000| Untracked 
|  39|0x00000000c5f00000, 0x00000000c5f00000, 0x00000000c6000000|  0%| F|  |TAMS 0x00000000c5f00000, 0x00000000c5f00000| Untracked 
|  40|0x00000000c6000000, 0x00000000c6100000, 0x00000000c6100000|100%| E|  |TAMS 0x00000000c6000000, 0x00000000c6000000| Complete 
|  41|0x00000000c6100000, 0x00000000c6200000, 0x00000000c6200000|100%| E|CS|TAMS 0x00000000c6100000, 0x00000000c6100000| Complete 
|  42|0x00000000c6200000, 0x00000000c6300000, 0x00000000c6300000|100%| E|CS|TAMS 0x00000000c6200000, 0x00000000c6200000| Complete 
|  43|0x00000000c6300000, 0x00000000c6400000, 0x00000000c6400000|100%| E|CS|TAMS 0x00000000c6300000, 0x00000000c6300000| Complete 
|  44|0x00000000c6400000, 0x00000000c6500000, 0x00000000c6500000|100%| E|CS|TAMS 0x00000000c6400000, 0x00000000c6400000| Complete 
|  45|0x00000000c6500000, 0x00000000c6600000, 0x00000000c6600000|100%| E|CS|TAMS 0x00000000c6500000, 0x00000000c6500000| Complete 
|  46|0x00000000c6600000, 0x00000000c6700000, 0x00000000c6700000|100%| E|CS|TAMS 0x00000000c6600000, 0x00000000c6600000| Complete 
|  47|0x00000000c6700000, 0x00000000c6800000, 0x00000000c6800000|100%| E|CS|TAMS 0x00000000c6700000, 0x00000000c6700000| Complete 
|  48|0x00000000c6800000, 0x00000000c6900000, 0x00000000c6900000|100%| E|CS|TAMS 0x00000000c6800000, 0x00000000c6800000| Complete 
|  49|0x00000000c6900000, 0x00000000c6a00000, 0x00000000c6a00000|100%| E|CS|TAMS 0x00000000c6900000, 0x00000000c6900000| Complete 
|  50|0x00000000c6a00000, 0x00000000c6b00000, 0x00000000c6b00000|100%| E|CS|TAMS 0x00000000c6a00000, 0x00000000c6a00000| Complete 
|  51|0x00000000c6b00000, 0x00000000c6c00000, 0x00000000c6c00000|100%| E|CS|TAMS 0x00000000c6b00000, 0x00000000c6b00000| Complete 
|  52|0x00000000c6c00000, 0x00000000c6d00000, 0x00000000c6d00000|100%| E|CS|TAMS 0x00000000c6c00000, 0x00000000c6c00000| Complete 
|  53|0x00000000c6d00000, 0x00000000c6e00000, 0x00000000c6e00000|100%| E|CS|TAMS 0x00000000c6d00000, 0x00000000c6d00000| Complete 
|  54|0x00000000c6e00000, 0x00000000c6f00000, 0x00000000c6f00000|100%| E|CS|TAMS 0x00000000c6e00000, 0x00000000c6e00000| Complete 
|  55|0x00000000c6f00000, 0x00000000c7000000, 0x00000000c7000000|100%| E|CS|TAMS 0x00000000c6f00000, 0x00000000c6f00000| Complete 
|  56|0x00000000c7000000, 0x00000000c7100000, 0x00000000c7100000|100%| E|CS|TAMS 0x00000000c7000000, 0x00000000c7000000| Complete 
|  57|0x00000000c7100000, 0x00000000c7200000, 0x00000000c7200000|100%| E|CS|TAMS 0x00000000c7100000, 0x00000000c7100000| Complete 
|  58|0x00000000c7200000, 0x00000000c7300000, 0x00000000c7300000|100%| E|CS|TAMS 0x00000000c7200000, 0x00000000c7200000| Complete 
|  59|0x00000000c7300000, 0x00000000c7400000, 0x00000000c7400000|100%| E|CS|TAMS 0x00000000c7300000, 0x00000000c7300000| Complete 
|  60|0x00000000c7400000, 0x00000000c7500000, 0x00000000c7500000|100%| E|CS|TAMS 0x00000000c7400000, 0x00000000c7400000| Complete 
|  61|0x00000000c7500000, 0x00000000c75ffa78, 0x00000000c7600000| 99%| E|  |TAMS 0x00000000c7500000, 0x00000000c7500000| Complete 

Card table byte_map: [0x000002d1d8d70000,0x000002d1d8f60000] _byte_map_base: 0x000002d1d8754000

Marking Bits (Prev, Next): (CMBitMap*) 0x000002d1c5d079b8, (CMBitMap*) 0x000002d1c5d079f0
 Prev Bits: [0x000002d1d9150000, 0x000002d1da070000)
 Next Bits: [0x000002d1da070000, 0x000002d1daf90000)

Polling page: 0x000002d1c54a0000

Metaspace:

Usage:
  Non-class:     15.09 MB capacity,    14.66 MB ( 97%) used,   369.41 KB (  2%) free+waste,    68.88 KB ( <1%) overhead. 
      Class:      2.29 MB capacity,     2.04 MB ( 89%) used,   219.95 KB (  9%) free+waste,    34.81 KB (  1%) overhead. 
       Both:     17.38 MB capacity,    16.71 MB ( 96%) used,   589.37 KB (  3%) free+waste,   103.69 KB ( <1%) overhead. 

Virtual space:
  Non-class space:       16.00 MB reserved,      15.25 MB ( 95%) committed 
      Class space:        1.00 GB reserved,       2.38 MB ( <1%) committed 
             Both:        1.02 GB reserved,      17.63 MB (  2%) committed 

Chunk freelists:
   Non-Class:  34.00 KB
       Class:  22.00 KB
        Both:  56.00 KB

CodeHeap 'non-profiled nmethods': size=120064Kb used=982Kb max_used=982Kb free=119081Kb
 bounds [0x000002d1d1640000, 0x000002d1d18b0000, 0x000002d1d8b80000]
CodeHeap 'profiled nmethods': size=120000Kb used=5016Kb max_used=5016Kb free=114983Kb
 bounds [0x000002d1ca110000, 0x000002d1ca600000, 0x000002d1d1640000]
CodeHeap 'non-nmethods': size=5696Kb used=1224Kb max_used=1241Kb free=4471Kb
 bounds [0x000002d1c9b80000, 0x000002d1c9df0000, 0x000002d1ca110000]
 total_blobs=3260 nmethods=2302 adapters=373
 compilation: enabled
              stopped_count=0, restarted_count=0
 full_count=0

Compilation events (10 events):
Event: 12.042 Thread 0x000002d1dd426800 nmethod 2198 0x000002d1ca594a10 code [0x000002d1ca594c00, 0x000002d1ca594fa0]
Event: 12.062 Thread 0x000002d1dd426800 2199       3       org.springframework.beans.factory.support.DefaultSingletonBeanRegistry::containsSingleton (11 bytes)
Event: 12.062 Thread 0x000002d1dd426800 nmethod 2199 0x000002d1ca595110 code [0x000002d1ca5952e0, 0x000002d1ca595550]
Event: 12.063 Thread 0x000002d1dd426800 2200       3       java.lang.Boolean::valueOf (14 bytes)
Event: 12.063 Thread 0x000002d1dd426800 nmethod 2200 0x000002d1ca595610 code [0x000002d1ca5957c0, 0x000002d1ca595978]
Event: 12.065 Thread 0x000002d1dd426800 2201       3       java.lang.String::replace (149 bytes)
Event: 12.067 Thread 0x000002d1dd426800 nmethod 2201 0x000002d1ca595a10 code [0x000002d1ca595d60, 0x000002d1ca597110]
Event: 12.067 Thread 0x000002d1dd426800 2202  s    3       sun.net.www.protocol.file.Handler::openConnection (7 bytes)
Event: 12.067 Thread 0x000002d1dd426800 nmethod 2202 0x000002d1ca597a90 code [0x000002d1ca597c60, 0x000002d1ca597ff0]
Event: 12.067 Thread 0x000002d1dd426800 2203  s!   3       sun.net.www.protocol.file.Handler::openConnection (273 bytes)

GC Heap History (10 events):
Event: 6.536 GC heap before
{Heap before GC invocations=1 (full 0):
 garbage-first heap   total 63488K, used 13897K [0x00000000c3800000, 0x0000000100000000)
  region size 1024K, 10 young (10240K), 2 survivors (2048K)
 Metaspace       used 3607K, capacity 6300K, committed 6528K, reserved 1056768K
  class space    used 383K, capacity 636K, committed 640K, reserved 1048576K
}
Event: 6.539 GC heap after
{Heap after GC invocations=2 (full 0):
 garbage-first heap   total 63488K, used 6416K [0x00000000c3800000, 0x0000000100000000)
  region size 1024K, 1 young (1024K), 1 survivors (1024K)
 Metaspace       used 3607K, capacity 6300K, committed 6528K, reserved 1056768K
  class space    used 383K, capacity 636K, committed 640K, reserved 1048576K
}
Event: 8.023 GC heap before
{Heap before GC invocations=2 (full 0):
 garbage-first heap   total 63488K, used 28944K [0x00000000c3800000, 0x0000000100000000)
  region size 1024K, 23 young (23552K), 1 survivors (1024K)
 Metaspace       used 7358K, capacity 8770K, committed 8832K, reserved 1056768K
  class space    used 906K, capacity 1111K, committed 1152K, reserved 1048576K
}
Event: 8.029 GC heap after
{Heap after GC invocations=3 (full 0):
 garbage-first heap   total 63488K, used 7554K [0x00000000c3800000, 0x0000000100000000)
  region size 1024K, 2 young (2048K), 2 survivors (2048K)
 Metaspace       used 7358K, capacity 8770K, committed 8832K, reserved 1056768K
  class space    used 906K, capacity 1111K, committed 1152K, reserved 1048576K
}
Event: 8.993 GC heap before
{Heap before GC invocations=3 (full 0):
 garbage-first heap   total 63488K, used 34178K [0x00000000c3800000, 0x0000000100000000)
  region size 1024K, 28 young (28672K), 2 survivors (2048K)
 Metaspace       used 12032K, capacity 12935K, committed 13184K, reserved 1060864K
  class space    used 1456K, capacity 1647K, committed 1664K, reserved 1048576K
}
Event: 9.050 GC heap after
{Heap after GC invocations=4 (full 0):
 garbage-first heap   total 63488K, used 8377K [0x00000000c3800000, 0x0000000100000000)
  region size 1024K, 3 young (3072K), 3 survivors (3072K)
 Metaspace       used 12032K, capacity 12935K, committed 13184K, reserved 1060864K
  class space    used 1456K, capacity 1647K, committed 1664K, reserved 1048576K
}
Event: 10.295 GC heap before
{Heap before GC invocations=4 (full 0):
 garbage-first heap   total 63488K, used 36025K [0x00000000c3800000, 0x0000000100000000)
  region size 1024K, 31 young (31744K), 3 survivors (3072K)
 Metaspace       used 15330K, capacity 15954K, committed 16256K, reserved 1062912K
  class space    used 1909K, capacity 2125K, committed 2176K, reserved 1048576K
}
Event: 10.302 GC heap after
{Heap after GC invocations=5 (full 0):
 garbage-first heap   total 63488K, used 9384K [0x00000000c3800000, 0x0000000100000000)
  region size 1024K, 3 young (3072K), 3 survivors (3072K)
 Metaspace       used 15330K, capacity 15954K, committed 16256K, reserved 1062912K
  class space    used 1909K, capacity 2125K, committed 2176K, reserved 1048576K
}
Event: 10.340 GC heap before
{Heap before GC invocations=5 (full 0):
 garbage-first heap   total 63488K, used 39080K [0x00000000c3800000, 0x0000000100000000)
  region size 1024K, 33 young (33792K), 3 survivors (3072K)
 Metaspace       used 15339K, capacity 15954K, committed 16256K, reserved 1062912K
  class space    used 1910K, capacity 2125K, committed 2176K, reserved 1048576K
}
Event: 10.345 GC heap after
{Heap after GC invocations=6 (full 0):
 garbage-first heap   total 63488K, used 9490K [0x00000000c3800000, 0x0000000100000000)
  region size 1024K, 2 young (2048K), 2 survivors (2048K)
 Metaspace       used 15339K, capacity 15954K, committed 16256K, reserved 1062912K
  class space    used 1910K, capacity 2125K, committed 2176K, reserved 1048576K
}

Deoptimization events (10 events):
Event: 12.018 Thread 0x000002d1c5cd5000 DEOPT PACKING pc=0x000002d1ca246a04 sp=0x000000ef206fd650
Event: 12.018 Thread 0x000002d1c5cd5000 DEOPT UNPACKING pc=0x000002d1c9bbd6ce sp=0x000000ef206fcb08 mode 1
Event: 12.018 Thread 0x000002d1c5cd5000 DEOPT PACKING pc=0x000002d1ca342ccc sp=0x000000ef206fe0d0
Event: 12.018 Thread 0x000002d1c5cd5000 DEOPT UNPACKING pc=0x000002d1c9bbd6ce sp=0x000000ef206fd5c0 mode 1
Event: 12.020 Thread 0x000002d1c5cd5000 DEOPT PACKING pc=0x000002d1ca248a5c sp=0x000000ef206fd580
Event: 12.020 Thread 0x000002d1c5cd5000 DEOPT UNPACKING pc=0x000002d1c9bbd6ce sp=0x000000ef206fca18 mode 1
Event: 12.020 Thread 0x000002d1c5cd5000 DEOPT PACKING pc=0x000002d1ca246a04 sp=0x000000ef206fd650
Event: 12.020 Thread 0x000002d1c5cd5000 DEOPT UNPACKING pc=0x000002d1c9bbd6ce sp=0x000000ef206fcb08 mode 1
Event: 12.020 Thread 0x000002d1c5cd5000 DEOPT PACKING pc=0x000002d1ca342ccc sp=0x000000ef206fe0d0
Event: 12.020 Thread 0x000002d1c5cd5000 DEOPT UNPACKING pc=0x000002d1c9bbd6ce sp=0x000000ef206fd5c0 mode 1

Classes redefined (0 events):
No events

Internal exceptions (10 events):
Event: 9.648 Thread 0x000002d1c5cd5000 Exception <a 'java/lang/ClassNotFoundException'{0x00000000c672b138}: org/springframework/beans/factory/AwareCustomizer> (0x00000000c672b138) thrown at [c:/BuildAgent/work/5ff2f6c26000d570/src/hotspot/share/classfile/systemDictionary.cpp, line 231]
Event: 9.651 Thread 0x000002d1c5cd5000 Exception <a 'java/lang/ClassNotFoundException'{0x00000000c6738130}: org/springframework/beans/factory/BeanClassLoaderAwareCustomizer> (0x00000000c6738130) thrown at [c:/BuildAgent/work/5ff2f6c26000d570/src/hotspot/share/classfile/systemDictionary.cpp, li
Event: 9.652 Thread 0x000002d1c5cd5000 Exception <a 'java/lang/ClassNotFoundException'{0x00000000c67449a0}: org/springframework/beans/factory/AwareCustomizer> (0x00000000c67449a0) thrown at [c:/BuildAgent/work/5ff2f6c26000d570/src/hotspot/share/classfile/systemDictionary.cpp, line 231]
Event: 9.653 Thread 0x000002d1c5cd5000 Exception <a 'java/lang/ClassNotFoundException'{0x00000000c6750b48}: org/springframework/context/EnvironmentAwareCustomizer> (0x00000000c6750b48) thrown at [c:/BuildAgent/work/5ff2f6c26000d570/src/hotspot/share/classfile/systemDictionary.cpp, line 231]
Event: 9.654 Thread 0x000002d1c5cd5000 Exception <a 'java/lang/ClassNotFoundException'{0x00000000c675d330}: org/springframework/beans/factory/AwareCustomizer> (0x00000000c675d330) thrown at [c:/BuildAgent/work/5ff2f6c26000d570/src/hotspot/share/classfile/systemDictionary.cpp, line 231]
Event: 9.676 Thread 0x000002d1decf9000 Exception <a 'java/lang/NoSuchMethodError'{0x00000000c6649bb8}: 'java.lang.Object java.lang.invoke.DirectMethodHandle$Holder.invokeVirtual(java.lang.Object, java.lang.Object, java.lang.Object, java.lang.Object)'> (0x00000000c6649bb8) thrown at [c:/BuildAg
Event: 11.253 Thread 0x000002d1c5cd5000 Exception <a 'java/lang/IncompatibleClassChangeError'{0x00000000c70473a8}: Found class java.lang.Object, but interface was expected> (0x00000000c70473a8) thrown at [c:/BuildAgent/work/5ff2f6c26000d570/src/hotspot/share/interpreter/linkResolver.cpp, line 8
Event: 11.512 Thread 0x000002d1c5cd5000 Exception <a 'java/lang/NoSuchMethodError'{0x00000000c6e35900}: 'void java.lang.invoke.DirectMethodHandle$Holder.invokeInterface(java.lang.Object, java.lang.Object, java.lang.Object, java.lang.Object)'> (0x00000000c6e35900) thrown at [c:/BuildAgent/work/5
Event: 12.000 Thread 0x000002d1c5cd5000 Implicit null exception at 0x000002d1d16f8669 to 0x000002d1d16f8d8e
Event: 12.004 Thread 0x000002d1c5cd5000 Exception <a 'java/lang/NoSuchMethodError'{0x00000000c685d708}: 'void java.lang.invoke.DelegatingMethodHandle$Holder.delegate(java.lang.Object, java.lang.Object, int, java.lang.Object)'> (0x00000000c685d708) thrown at [c:/BuildAgent/work/5ff2f6c26000d570/

Events (10 events):
Event: 12.056 loading class org/aspectj/weaver/ShadowMunger
Event: 12.056 loading class org/aspectj/weaver/ShadowMunger done
Event: 12.057 loading class org/aspectj/util/PartialOrder$PartialComparable
Event: 12.057 loading class org/aspectj/util/PartialOrder$PartialComparable done
Event: 12.061 loading class org/aspectj/weaver/IHasPosition
Event: 12.061 loading class org/aspectj/weaver/IHasPosition done
Event: 12.063 loading class org/springframework/context/annotation/EnableAspectJAutoProxy
Event: 12.063 loading class org/springframework/context/annotation/EnableAspectJAutoProxy done
Event: 12.063 loading class org/springframework/context/annotation/AspectJAutoProxyRegistrar
Event: 12.063 loading class org/springframework/context/annotation/AspectJAutoProxyRegistrar done


Dynamic libraries:
0x00007ff616880000 - 0x00007ff6168c7000 	C:\Program Files\JetBrains\IntelliJ IDEA Community Edition 2019.2.3\jbr\bin\java.exe
0x00007ffdfb6b0000 - 0x00007ffdfb891000 	C:\WINDOWS\SYSTEM32\ntdll.dll
0x00007ffdfac20000 - 0x00007ffdfacd1000 	C:\WINDOWS\System32\KERNEL32.DLL
0x00007ffdf8210000 - 0x00007ffdf8483000 	C:\WINDOWS\System32\KERNELBASE.dll
0x00007ffdfaa90000 - 0x00007ffdfac20000 	C:\WINDOWS\System32\USER32.dll
0x00007ffdf8980000 - 0x00007ffdf89a0000 	C:\WINDOWS\System32\win32u.dll
0x00007ffdf8c90000 - 0x00007ffdf8cb8000 	C:\WINDOWS\System32\GDI32.dll
0x00007ffdf87e0000 - 0x00007ffdf8971000 	C:\WINDOWS\System32\gdi32full.dll
0x00007ffdf89a0000 - 0x00007ffdf8a3f000 	C:\WINDOWS\System32\msvcp_win.dll
0x00007ffdf86e0000 - 0x00007ffdf87d8000 	C:\WINDOWS\System32\ucrtbase.dll
0x00007ffde51a0000 - 0x00007ffde5409000 	C:\WINDOWS\WinSxS\amd64_microsoft.windows.common-controls_6595b64144ccf1df_6.0.17134.885_none_fb42a3473065565f\COMCTL32.dll
0x00007ffdf9040000 - 0x00007ffdf90de000 	C:\WINDOWS\System32\msvcrt.dll
0x00007ffdfb130000 - 0x00007ffdfb452000 	C:\WINDOWS\System32\combase.dll
0x00007ffdf8b60000 - 0x00007ffdf8c84000 	C:\WINDOWS\System32\RPCRT4.dll
0x00007ffdf8190000 - 0x00007ffdf8209000 	C:\WINDOWS\System32\bcryptPrimitives.dll
0x00007ffdfaa50000 - 0x00007ffdfaa7d000 	C:\WINDOWS\System32\IMM32.DLL
0x00007ffddd0c0000 - 0x00007ffddd0d7000 	C:\Program Files\JetBrains\IntelliJ IDEA Community Edition 2019.2.3\jbr\bin\vcruntime140.dll
0x00007ffdd1a80000 - 0x00007ffdd1b1d000 	C:\Program Files\JetBrains\IntelliJ IDEA Community Edition 2019.2.3\jbr\bin\msvcp140.dll
0x00007ffdb81f0000 - 0x00007ffdb8ca8000 	C:\Program Files\JetBrains\IntelliJ IDEA Community Edition 2019.2.3\jbr\bin\server\jvm.dll
0x00007ffdfa7b0000 - 0x00007ffdfa851000 	C:\WINDOWS\System32\ADVAPI32.dll
0x00007ffdf8cc0000 - 0x00007ffdf8d1b000 	C:\WINDOWS\System32\sechost.dll
0x00007ffdf9030000 - 0x00007ffdf9038000 	C:\WINDOWS\System32\PSAPI.DLL
0x00007ffddffd0000 - 0x00007ffddffd9000 	C:\WINDOWS\SYSTEM32\WSOCK32.dll
0x00007ffdf49b0000 - 0x00007ffdf49d3000 	C:\WINDOWS\SYSTEM32\WINMM.dll
0x00007ffdf8fc0000 - 0x00007ffdf902c000 	C:\WINDOWS\System32\WS2_32.dll
0x00007ffdf3d50000 - 0x00007ffdf3d5a000 	C:\WINDOWS\SYSTEM32\VERSION.dll
0x00007ffdf4670000 - 0x00007ffdf469a000 	C:\WINDOWS\SYSTEM32\winmmbase.dll
0x00007ffdf8af0000 - 0x00007ffdf8b39000 	C:\WINDOWS\System32\cfgmgr32.dll
0x00007ffdf79d0000 - 0x00007ffdf79e1000 	C:\WINDOWS\System32\kernel.appcore.dll
0x00007ffdef490000 - 0x00007ffdef4a1000 	C:\Program Files\JetBrains\IntelliJ IDEA Community Edition 2019.2.3\jbr\bin\verify.dll
0x00007ffdf31e0000 - 0x00007ffdf33a9000 	C:\WINDOWS\SYSTEM32\DBGHELP.DLL
0x00007ffdf1f10000 - 0x00007ffdf1f39000 	C:\WINDOWS\SYSTEM32\dbgcore.DLL
0x00007ffde4780000 - 0x00007ffde47a9000 	C:\Program Files\JetBrains\IntelliJ IDEA Community Edition 2019.2.3\jbr\bin\java.dll
0x00007ffddb050000 - 0x00007ffddb088000 	C:\Program Files\JetBrains\IntelliJ IDEA Community Edition 2019.2.3\jbr\bin\jdwp.dll
0x00007ffddb010000 - 0x00007ffddb044000 	C:\Program Files\JetBrains\IntelliJ IDEA Community Edition 2019.2.3\jbr\bin\instrument.dll
0x00007ffdef1f0000 - 0x00007ffdef207000 	C:\Program Files\JetBrains\IntelliJ IDEA Community Edition 2019.2.3\jbr\bin\zip.dll
0x00007ffdef4c0000 - 0x00007ffdef4cb000 	C:\Program Files\JetBrains\IntelliJ IDEA Community Edition 2019.2.3\jbr\bin\jimage.dll
0x00007ffdf90e0000 - 0x00007ffdfa520000 	C:\WINDOWS\System32\SHELL32.dll
0x00007ffdf8d80000 - 0x00007ffdf8e29000 	C:\WINDOWS\System32\shcore.dll
0x00007ffdf7a80000 - 0x00007ffdf818d000 	C:\WINDOWS\System32\windows.storage.dll
0x00007ffdf8d20000 - 0x00007ffdf8d71000 	C:\WINDOWS\System32\shlwapi.dll
0x00007ffdf79f0000 - 0x00007ffdf7a0f000 	C:\WINDOWS\System32\profapi.dll
0x00007ffdf7a10000 - 0x00007ffdf7a5c000 	C:\WINDOWS\System32\powrprof.dll
0x00007ffdf79c0000 - 0x00007ffdf79ca000 	C:\WINDOWS\System32\FLTLIB.DLL
0x00007ffde34f0000 - 0x00007ffde34fb000 	C:\Program Files\JetBrains\IntelliJ IDEA Community Edition 2019.2.3\jbr\bin\dt_socket.dll
0x00007ffdf71e0000 - 0x00007ffdf7246000 	C:\WINDOWS\system32\mswsock.dll
0x00007ffdef170000 - 0x00007ffdef18a000 	C:\Program Files\JetBrains\IntelliJ IDEA Community Edition 2019.2.3\jbr\bin\net.dll
0x00007ffdf2910000 - 0x00007ffdf29ed000 	C:\WINDOWS\SYSTEM32\WINHTTP.dll
0x00007ffdf0140000 - 0x00007ffdf0309000 	C:\WINDOWS\SYSTEM32\urlmon.dll
0x00007ffdef800000 - 0x00007ffdefaa6000 	C:\WINDOWS\SYSTEM32\iertutil.dll
0x00007ffdf7390000 - 0x00007ffdf739b000 	C:\WINDOWS\SYSTEM32\CRYPTBASE.DLL
0x00007ffde19d0000 - 0x00007ffde19e4000 	C:\Program Files\JetBrains\IntelliJ IDEA Community Edition 2019.2.3\jbr\bin\nio.dll
0x00007ffdef1d0000 - 0x00007ffdef1da000 	C:\Program Files\JetBrains\IntelliJ IDEA Community Edition 2019.2.3\jbr\bin\management.dll
0x00007ffdef1b0000 - 0x00007ffdef1bc000 	C:\Program Files\JetBrains\IntelliJ IDEA Community Edition 2019.2.3\jbr\bin\management_ext.dll
0x00007ffddb620000 - 0x00007ffddb636000 	C:\WINDOWS\system32\napinsp.dll
0x00007ffddb600000 - 0x00007ffddb61a000 	C:\WINDOWS\system32\pnrpnsp.dll
0x00007ffdf3d60000 - 0x00007ffdf3d79000 	C:\WINDOWS\system32\NLAapi.dll
0x00007ffdf6fc0000 - 0x00007ffdf707e000 	C:\WINDOWS\SYSTEM32\DNSAPI.dll
0x00007ffdfaa80000 - 0x00007ffdfaa88000 	C:\WINDOWS\System32\NSI.dll
0x00007ffdf6f70000 - 0x00007ffdf6fa8000 	C:\WINDOWS\SYSTEM32\IPHLPAPI.DLL
0x00007ffddda60000 - 0x00007ffddda6e000 	C:\WINDOWS\System32\winrnr.dll
0x00007ffddb5e0000 - 0x00007ffddb5f5000 	C:\WINDOWS\System32\wshbth.dll
0x00007ffdefff0000 - 0x00007ffdefffa000 	C:\Windows\System32\rasadhlp.dll
0x00007ffdeefb0000 - 0x00007ffdef022000 	C:\WINDOWS\System32\fwpuclnt.dll
0x00007ffdf74c0000 - 0x00007ffdf74e5000 	C:\WINDOWS\SYSTEM32\bcrypt.dll

dbghelp: loaded successfully - version: 4.0.5 - missing functions: none
symbol engine: initialized successfully - sym options: 0x614 - pdb path: .;C:\Program Files\JetBrains\IntelliJ IDEA Community Edition 2019.2.3\jbr\bin;C:\WINDOWS\SYSTEM32;C:\WINDOWS\WinSxS\amd64_microsoft.windows.common-controls_6595b64144ccf1df_6.0.17134.885_none_fb42a3473065565f;C:\Program Files\JetBrains\IntelliJ IDEA Community Edition 2019.2.3\jbr\bin\server

VM Arguments:
jvm_args: -agentlib:jdwp=transport=dt_socket,address=127.0.0.1:62287,suspend=y,server=n -javaagent:C:\Users\Dell\.IdeaIC2019.2\system\captureAgent\debugger-agent.jar -Dfile.encoding=UTF-8 
java_command: com.hospital.survey.SurveyApplication
java_class_path (initial): C:\Users\Dell\Downloads\hospital-survey-backend\hospital-survey-backend\target\classes;C:\Users\Dell\.m2\repository\org\springframework\boot\spring-boot-starter-data-jpa\2.4.3\spring-boot-starter-data-jpa-2.4.3.jar;C:\Users\Dell\.m2\repository\org\springframework\boot\spring-boot-starter-aop\2.4.3\spring-boot-starter-aop-2.4.3.jar;C:\Users\Dell\.m2\repository\org\springframework\spring-aop\5.3.4\spring-aop-5.3.4.jar;C:\Users\Dell\.m2\repository\org\aspectj\aspectjweaver\1.9.6\aspectjweaver-1.9.6.jar;C:\Users\Dell\.m2\repository\jakarta\transaction\jakarta.transaction-api\1.3.3\jakarta.transaction-api-1.3.3.jar;C:\Users\Dell\.m2\repository\jakarta\persistence\jakarta.persistence-api\2.2.3\jakarta.persistence-api-2.2.3.jar;C:\Users\Dell\.m2\repository\org\hibernate\hibernate-core\5.4.28.Final\hibernate-core-5.4.28.Final.jar;C:\Users\Dell\.m2\repository\org\jboss\logging\jboss-logging\3.4.1.Final\jboss-logging-3.4.1.Final.jar;C:\Users\Dell\.m2\repository\org\javassist\javassist\3.27.0-GA\javassist-3.27.0-GA.jar;C:\Users\Dell\.m2\repository\net\bytebuddy\byte-buddy\1.10.20\byte-buddy-1.10.20.jar;C:\Users\Dell\.m2\repository\antlr\antlr\2.7.7\antlr-2.7.7.jar;C:\Users\Dell\.m2\repository\org\jboss\jandex\2.2.3.Final\jandex-2.2.3.Final.jar;C:\Users\Dell\.m2\repository\com\fasterxml\classmate\1.5.1\classmate-1.5.1.jar;C:\Users\Dell\.m2\repository\org\dom4j\dom4j\2.1.3\dom4j-2.1.3.jar;C:\Users\Dell\.m2\repository\org\hibernate\common\hibernate-commons-annotations\5.1.2.Final\hibernate-commons-annotations-5.1.2.Final.jar;C:\Users\Dell\.m2\repository\org\glassfish\jaxb\jaxb-runtime\2.3.3\jaxb-runtime-2.3.3.jar;C:\Users\Dell\.m2\repository\org\glassfish\jaxb\txw2\2.3.3\txw2-2.3.3.jar;C:\Users\Dell\.m2\repository\com\sun\istack\istack-commons-runtime\3.0.11\istack-commons-runtime-3.0.11.jar;C:\Users\Dell\.m2\repository\com\sun\activation\jakarta.activation\1.2.2\jakarta.activation-1.2.2.jar;C:\Users\Dell\.m2\repository\org\springframework\data\spring
Launcher Type: SUN_STANDARD

[Global flags]
     intx CICompilerCount                          = 3                                         {product} {ergonomic}
     uint ConcGCThreads                            = 1                                         {product} {ergonomic}
     uint G1ConcRefinementThreads                  = 4                                         {product} {ergonomic}
   size_t G1HeapRegionSize                         = 1048576                                   {product} {ergonomic}
    uintx GCDrainStackTargetSize                   = 64                                        {product} {ergonomic}
   size_t InitialHeapSize                          = 65011712                                  {product} {ergonomic}
   size_t MarkStackSize                            = 4194304                                   {product} {ergonomic}
   size_t MaxHeapSize                              = 1015021568                                {product} {ergonomic}
   size_t MaxNewSize                               = 608174080                                 {product} {ergonomic}
   size_t MinHeapDeltaBytes                        = 1048576                                   {product} {ergonomic}
    uintx NonNMethodCodeHeapSize                   = 5830092                                {pd product} {ergonomic}
    uintx NonProfiledCodeHeapSize                  = 122914074                              {pd product} {ergonomic}
    uintx ProfiledCodeHeapSize                     = 122914074                              {pd product} {ergonomic}
    uintx ReservedCodeCacheSize                    = 251658240                              {pd product} {ergonomic}
     bool SegmentedCodeCache                       = true                                      {product} {ergonomic}
     bool UseCompressedClassPointers               = true                                 {lp64_product} {ergonomic}
     bool UseCompressedOops                        = true                                 {lp64_product} {ergonomic}
     bool UseG1GC                                  = true                                      {product} {ergonomic}
     bool UseLargePagesIndividualAllocation        = false                                  {pd product} {ergonomic}

Logging:
Log output configuration:
 #0: stdout all=warning uptime,level,tags
 #1: stderr all=off uptime,level,tags

Environment Variables:
PATH=C:\ProgramData\Oracle\Java\javapath;C:\Program Files (x86)\Intel\iCLS Client\;C:\Program Files\Intel\iCLS Client\;C:\WINDOWS\system32;C:\WINDOWS;C:\WINDOWS\System32\Wbem;C:\WINDOWS\System32\WindowsPowerShell\v1.0\;C:\Program Files (x86)\Intel\Intel(R) Management Engine Components\DAL;C:\Program Files\Intel\Intel(R) Management Engine Components\DAL;C:\Program Files (x86)\Intel\Intel(R) Management Engine Components\IPT;C:\Program Files\Intel\Intel(R) Management Engine Components\IPT;C:\WINDOWS\System32\OpenSSH\;C:\Program Files\Git\cmd;C:\Program Files\nodejs\;C:\ProgramData\chocolatey\bin;C:\Program Files\Java\jdk1.8.0_152\bin;C:\Users\Dell\AppData\Local\Programs\Microsoft VS Code\bin;C:\Users\Dell\AppData\Roaming\npm
USERNAME=Dell
OS=Windows_NT
PROCESSOR_IDENTIFIER=Intel64 Family 6 Model 142 Stepping 9, GenuineIntel



---------------  S Y S T E M  ---------------

OS: Windows 10 , 64 bit Build 17134 (10.0.17134.753)

CPU:total 4 (initial active 4) (2 cores per cpu, 2 threads per core) family 6 model 142 stepping 9, cmov, cx8, fxsr, mmx, sse, sse2, sse3, ssse3, sse4.1, sse4.2, popcnt, avx, avx2, aes, clmul, erms, 3dnowpref, lzcnt, ht, tsc, tscinvbit, bmi1, bmi2, adx, fma

Memory: 4k page, system-wide physical 3869M (416M free)
TotalPageFile size 6869M (AvailPageFile size 0M)
current process WorkingSet (physical memory assigned to process): 124M, peak: 124M
current process commit charge ("private bytes"): 179M, peak: 179M

vm_info: OpenJDK 64-Bit Server VM (11.0.4+10-b304.69) for windows-amd64 JRE (11.0.4+10-b304.69), built on Sep  9 2019 11:39:50 by "" with MS VC++ 14.0 (VS2015)

END.
